<?xml version="1.0" encoding="UTF-8"?>
<!-- Generated by org.testng.reporters.JUnitReportReporter -->
<testsuite hostname="DESKTOP-Q81J098" failures="0" tests="1" name="Test_Cases.Test_Case001" time="22.266" errors="0" timestamp="2023-06-07T21:16:46 IST" skipped="0">
  <testcase classname="Test_Cases.Test_Case001" name="test_account" time="22.266"/>
  <system-out/>
</testsuite> <!-- Test_Cases.Test_Case001 -->
