<?xml version="1.0" encoding="UTF-8"?>
<!-- Generated by org.testng.reporters.JUnitReportReporter -->
<testsuite hostname="DESKTOP-Q81J098" failures="0" tests="1" name="Test_Cases.Test_Cases002" time="40.465" errors="0" timestamp="2023-06-07T21:16:46 IST" skipped="0">
  <testcase classname="Test_Cases.Test_Cases002" name="staff_account" time="40.465"/>
  <system-out/>
</testsuite> <!-- Test_Cases.Test_Cases002 -->
