<?xml version="1.0" encoding="UTF-8"?>
<!-- Generated by org.testng.reporters.JUnitReportReporter -->
<testsuite hostname="DESKTOP-Q81J098" failures="0" tests="1" name="Test_Cases.Test_Case001" time="13.213" errors="0" timestamp="2023-06-15T07:41:24 IST" skipped="0">
  <testcase classname="Test_Cases.Test_Case001" name="test_account" time="13.213"/>
  <system-out/>
</testsuite> <!-- Test_Cases.Test_Case001 -->
